<?xml version="1.0" encoding="UTF-8"?>
<!-- Generated by org.testng.reporters.JUnitReportReporter -->
<testsuite hostname="LAPTOP-79L4EBQG" failures="0" tests="1" name="tests.DedicatedOpportunities_Tests" time="309.562" errors="0" timestamp="2022-08-25T17:30:57 IST" skipped="0">
  <testcase classname="tests.DedicatedOpportunities_Tests" name="verifyGreyOutBidAndInterested" time="309.562"/>
  <system-out/>
</testsuite> <!-- tests.DedicatedOpportunities_Tests -->
