<?xml version="1.0" encoding="UTF-8"?>
<!-- Generated by org.testng.reporters.JUnitReportReporter -->
<testsuite hostname="LAPTOP-79L4EBQG" failures="0" tests="1" name="tests.Testcode" time="0.001" errors="0" timestamp="2022-08-24T18:41:08 IST" skipped="0">
  <testcase classname="tests.Testcode" name="test" time="0.001"/>
  <system-out/>
</testsuite> <!-- tests.Testcode -->
