<?xml version="1.0" encoding="UTF-8"?>
<!-- Generated by org.testng.reporters.JUnitReportReporter -->
<testsuite hostname="LAPTOP-79L4EBQG" failures="0" tests="2" name="tests.Login_Tests" time="65.292" errors="0" timestamp="2022-08-24T18:41:08 IST" skipped="0">
  <testcase classname="tests.Login_Tests" name="Verify_User_AbleTo_Login_Successfully" time="49.081"/>
  <system-out/>
  <testcase classname="tests.Login_Tests" name="Verify_InvalidUser_NotAbleTo_Login" time="16.211"/>
  <system-out/>
</testsuite> <!-- tests.Login_Tests -->
